# JRE version: Java(TM) SE Runtime Environment (8.0_141-b15) (build 1.8.0_141-b15)
# Java VM: Java HotSpot(TM) 64-Bit Server VM (25.141-b15 mixed mode windows-amd64 compressed oops)
Heap:
 PSYoungGen      total 524288K, used 293546K [0x000000076af00000, 0x000000078f900000, 0x00000007c0000000)
  eden space 466432K, 62% used [0x000000076af00000,0x000000077cdaa848,0x0000000787680000)
  from space 57856K, 0% used [0x000000078af00000,0x000000078af00000,0x000000078e780000)
  to   space 57856K, 0% used [0x0000000787680000,0x0000000787680000,0x000000078af00000)
 ParOldGen       total 160768K, used 39312K [0x00000006c0c00000, 0x00000006ca900000, 0x000000076af00000)
  object space 160768K, 24% used [0x00000006c0c00000,0x00000006c3264288,0x00000006ca900000)
 Metaspace       used 50799K, capacity 51598K, committed 52096K, reserved 1095680K
  class space    used 5994K, capacity 6252K, committed 6272K, reserved 1048576K
GC Heap History (10 events):
Event: 4.393 GC heap before
{Heap before GC invocations=8 (full 1):
 PSYoungGen      total 228352K, used 228346K [0x000000076af00000, 0x000000077bd80000, 0x00000007c0000000)
  eden space 206336K, 100% used [0x000000076af00000,0x0000000777880000,0x0000000777880000)
  from space 22016K, 99% used [0x0000000779600000,0x000000077ab7ea28,0x000000077ab80000)
  to   space 30208K, 0% used [0x0000000777880000,0x0000000777880000,0x0000000779600000)
 ParOldGen       total 102912K, used 35700K [0x00000006c0c00000, 0x00000006c7080000, 0x000000076af00000)
  object space 102912K, 34% used [0x00000006c0c00000,0x00000006c2edd3a8,0x00000006c7080000)
 Metaspace       used 28839K, capacity 29446K, committed 29824K, reserved 1075200K
  class space    used 3423K, capacity 3617K, committed 3712K, reserved 1048576K
Event: 4.418 GC heap after
Heap after GC invocations=8 (full 1):
 PSYoungGen      total 236544K, used 30194K [0x000000076af00000, 0x0000000784f80000, 0x00000007c0000000)
  eden space 206336K, 0% used [0x000000076af00000,0x000000076af00000,0x0000000777880000)
  from space 30208K, 99% used [0x0000000777880000,0x00000007795fc938,0x0000000779600000)
  to   space 41984K, 0% used [0x0000000782680000,0x0000000782680000,0x0000000784f80000)
 ParOldGen       total 102912K, used 50152K [0x00000006c0c00000, 0x00000006c7080000, 0x000000076af00000)
  object space 102912K, 48% used [0x00000006c0c00000,0x00000006c3cfa0b0,0x00000006c7080000)
 Metaspace       used 28839K, capacity 29446K, committed 29824K, reserved 1075200K
  class space    used 3423K, capacity 3617K, committed 3712K, reserved 1048576K
}
Event: 4.805 GC heap before
{Heap before GC invocations=9 (full 1):
 PSYoungGen      total 236544K, used 236530K [0x000000076af00000, 0x0000000784f80000, 0x00000007c0000000)
  eden space 206336K, 100% used [0x000000076af00000,0x0000000777880000,0x0000000777880000)
  from space 30208K, 99% used [0x0000000777880000,0x00000007795fc938,0x0000000779600000)
  to   space 41984K, 0% used [0x0000000782680000,0x0000000782680000,0x0000000784f80000)
 ParOldGen       total 102912K, used 50152K [0x00000006c0c00000, 0x00000006c7080000, 0x000000076af00000)
  object space 102912K, 48% used [0x00000006c0c00000,0x00000006c3cfa0b0,0x00000006c7080000)
 Metaspace       used 28846K, capacity 29446K, committed 29824K, reserved 1075200K
  class space    used 3424K, capacity 3617K, committed 3712K, reserved 1048576K
Event: 4.833 GC heap after
Heap after GC invocations=9 (full 1):
 PSYoungGen      total 374272K, used 41968K [0x000000076af00000, 0x0000000786980000, 0x00000007c0000000)
  eden space 332288K, 0% used [0x000000076af00000,0x000000076af00000,0x000000077f380000)
  from space 41984K, 99% used [0x0000000782680000,0x0000000784f7c3a0,0x0000000784f80000)
  to   space 52224K, 0% used [0x000000077f380000,0x000000077f380000,0x0000000782680000)
 ParOldGen       total 102912K, used 57676K [0x00000006c0c00000, 0x00000006c7080000, 0x000000076af00000)
  object space 102912K, 56% used [0x00000006c0c00000,0x00000006c4453378,0x00000006c7080000)
 Metaspace       used 28846K, capacity 29446K, committed 29824K, reserved 1075200K
  class space    used 3424K, capacity 3617K, committed 3712K, reserved 1048576K
}
Event: 5.788 GC heap before
{Heap before GC invocations=10 (full 1):
 PSYoungGen      total 374272K, used 374256K [0x000000076af00000, 0x0000000786980000, 0x00000007c0000000)
  eden space 332288K, 100% used [0x000000076af00000,0x000000077f380000,0x000000077f380000)
  from space 41984K, 99% used [0x0000000782680000,0x0000000784f7c3a0,0x0000000784f80000)
  to   space 52224K, 0% used [0x000000077f380000,0x000000077f380000,0x0000000782680000)
 ParOldGen       total 102912K, used 57676K [0x00000006c0c00000, 0x00000006c7080000, 0x000000076af00000)
  object space 102912K, 56% used [0x00000006c0c00000,0x00000006c4453378,0x00000006c7080000)
 Metaspace       used 34275K, capacity 34908K, committed 35328K, reserved 1081344K
  class space    used 4085K, capacity 4268K, committed 4352K, reserved 1048576K
Event: 5.821 GC heap after
Heap after GC invocations=10 (full 1):
 PSYoungGen      total 384512K, used 45861K [0x000000076af00000, 0x000000078e780000, 0x00000007c0000000)
  eden space 332288K, 0% used [0x000000076af00000,0x000000076af00000,0x000000077f380000)
  from space 52224K, 87% used [0x000000077f380000,0x00000007820496e8,0x0000000782680000)
  to   space 57856K, 0% used [0x000000078af00000,0x000000078af00000,0x000000078e780000)
 ParOldGen       total 102912K, used 68798K [0x00000006c0c00000, 0x00000006c7080000, 0x000000076af00000)
  object space 102912K, 66% used [0x00000006c0c00000,0x00000006c4f2fb70,0x00000006c7080000)
 Metaspace       used 34275K, capacity 34908K, committed 35328K, reserved 1081344K
  class space    used 4085K, capacity 4268K, committed 4352K, reserved 1048576K
}
Event: 5.851 GC heap before
{Heap before GC invocations=11 (full 1):
 PSYoungGen      total 384512K, used 57455K [0x000000076af00000, 0x000000078e780000, 0x00000007c0000000)
  eden space 332288K, 3% used [0x000000076af00000,0x000000076ba52588,0x000000077f380000)
  from space 52224K, 87% used [0x000000077f380000,0x00000007820496e8,0x0000000782680000)
  to   space 57856K, 0% used [0x000000078af00000,0x000000078af00000,0x000000078e780000)
 ParOldGen       total 102912K, used 68798K [0x00000006c0c00000, 0x00000006c7080000, 0x000000076af00000)
  object space 102912K, 66% used [0x00000006c0c00000,0x00000006c4f2fb70,0x00000006c7080000)
 Metaspace       used 34669K, capacity 35292K, committed 35496K, reserved 1081344K
  class space    used 4131K, capacity 4332K, committed 4352K, reserved 1048576K
Event: 5.856 GC heap after
Heap after GC invocations=11 (full 1):
 PSYoungGen      total 524288K, used 7897K [0x000000076af00000, 0x000000078f900000, 0x00000007c0000000)
  eden space 466432K, 0% used [0x000000076af00000,0x000000076af00000,0x0000000787680000)
  from space 57856K, 13% used [0x000000078af00000,0x000000078b6b6450,0x000000078e780000)
  to   space 57856K, 0% used [0x0000000787680000,0x0000000787680000,0x000000078af00000)
 ParOldGen       total 102912K, used 71127K [0x00000006c0c00000, 0x00000006c7080000, 0x000000076af00000)
  object space 102912K, 69% used [0x00000006c0c00000,0x00000006c5175c28,0x00000006c7080000)
 Metaspace       used 34669K, capacity 35292K, committed 35496K, reserved 1081344K
  class space    used 4131K, capacity 4332K, committed 4352K, reserved 1048576K
}
Event: 5.856 GC heap before
{Heap before GC invocations=12 (full 2):
 PSYoungGen      total 524288K, used 7897K [0x000000076af00000, 0x000000078f900000, 0x00000007c0000000)
  eden space 466432K, 0% used [0x000000076af00000,0x000000076af00000,0x0000000787680000)
  from space 57856K, 13% used [0x000000078af00000,0x000000078b6b6450,0x000000078e780000)
  to   space 57856K, 0% used [0x0000000787680000,0x0000000787680000,0x000000078af00000)
 ParOldGen       total 102912K, used 71127K [0x00000006c0c00000, 0x00000006c7080000, 0x000000076af00000)
  object space 102912K, 69% used [0x00000006c0c00000,0x00000006c5175c28,0x00000006c7080000)
 Metaspace       used 34669K, capacity 35292K, committed 35496K, reserved 1081344K
  class space    used 4131K, capacity 4332K, committed 4352K, reserved 1048576K
Event: 5.903 GC heap after
Heap after GC invocations=12 (full 2):
 PSYoungGen      total 524288K, used 0K [0x000000076af00000, 0x000000078f900000, 0x00000007c0000000)
  eden space 466432K, 0% used [0x000000076af00000,0x000000076af00000,0x0000000787680000)
  from space 57856K, 0% used [0x000000078af00000,0x000000078af00000,0x000000078e780000)
  to   space 57856K, 0% used [0x0000000787680000,0x0000000787680000,0x000000078af00000)
 ParOldGen       total 160768K, used 39312K [0x00000006c0c00000, 0x00000006ca900000, 0x000000076af00000)
  object space 160768K, 24% used [0x00000006c0c00000,0x00000006c3264288,0x00000006ca900000)
 Metaspace       used 34669K, capacity 35292K, committed 35496K, reserved 1081344K
  class space    used 4131K, capacity 4332K, committed 4352K, reserved 1048576K
}

