# JRE version: Java(TM) SE Runtime Environment (8.0_141-b15) (build 1.8.0_141-b15)
# Java VM: Java HotSpot(TM) 64-Bit Server VM (25.141-b15 mixed mode windows-amd64 compressed oops)
Heap:
 PSYoungGen      total 445440K, used 376170K [0x000000076af00000, 0x0000000789400000, 0x00000007c0000000)
  eden space 405504K, 91% used [0x000000076af00000,0x00000007817d73d0,0x0000000783b00000)
  from space 39936K, 16% used [0x0000000786d00000,0x0000000787383570,0x0000000789400000)
  to   space 45568K, 0% used [0x0000000783b00000,0x0000000783b00000,0x0000000786780000)
 ParOldGen       total 196608K, used 49694K [0x00000006c0c00000, 0x00000006ccc00000, 0x000000076af00000)
  object space 196608K, 25% used [0x00000006c0c00000,0x00000006c3c87940,0x00000006ccc00000)
 Metaspace       used 50038K, capacity 51152K, committed 51240K, reserved 1095680K
  class space    used 5644K, capacity 5900K, committed 5936K, reserved 1048576K
GC Heap History (10 events):
Event: 3.936 GC heap before
{Heap before GC invocations=8 (full 1):
 PSYoungGen      total 209408K, used 209405K [0x000000076af00000, 0x000000077ab80000, 0x00000007c0000000)
  eden space 188928K, 100% used [0x000000076af00000,0x0000000776780000,0x0000000776780000)
  from space 20480K, 99% used [0x0000000778180000,0x000000077957f798,0x0000000779580000)
  to   space 26624K, 0% used [0x0000000776780000,0x0000000776780000,0x0000000778180000)
 ParOldGen       total 119296K, used 29327K [0x00000006c0c00000, 0x00000006c8080000, 0x000000076af00000)
  object space 119296K, 24% used [0x00000006c0c00000,0x00000006c28a3e80,0x00000006c8080000)
 Metaspace       used 24154K, capacity 24696K, committed 25008K, reserved 1071104K
  class space    used 2801K, capacity 2967K, committed 2992K, reserved 1048576K
Event: 3.955 GC heap after
Heap after GC invocations=8 (full 1):
 PSYoungGen      total 215552K, used 26620K [0x000000076af00000, 0x0000000781e00000, 0x00000007c0000000)
  eden space 188928K, 0% used [0x000000076af00000,0x000000076af00000,0x0000000776780000)
  from space 26624K, 99% used [0x0000000776780000,0x000000077817f308,0x0000000778180000)
  to   space 35840K, 0% used [0x000000077fb00000,0x000000077fb00000,0x0000000781e00000)
 ParOldGen       total 119296K, used 39887K [0x00000006c0c00000, 0x00000006c8080000, 0x000000076af00000)
  object space 119296K, 33% used [0x00000006c0c00000,0x00000006c32f3d40,0x00000006c8080000)
 Metaspace       used 24154K, capacity 24696K, committed 25008K, reserved 1071104K
  class space    used 2801K, capacity 2967K, committed 2992K, reserved 1048576K
}
Event: 4.344 GC heap before
{Heap before GC invocations=9 (full 1):
 PSYoungGen      total 215552K, used 215548K [0x000000076af00000, 0x0000000781e00000, 0x00000007c0000000)
  eden space 188928K, 100% used [0x000000076af00000,0x0000000776780000,0x0000000776780000)
  from space 26624K, 99% used [0x0000000776780000,0x000000077817f308,0x0000000778180000)
  to   space 35840K, 0% used [0x000000077fb00000,0x000000077fb00000,0x0000000781e00000)
 ParOldGen       total 119296K, used 39887K [0x00000006c0c00000, 0x00000006c8080000, 0x000000076af00000)
  object space 119296K, 33% used [0x00000006c0c00000,0x00000006c32f3d40,0x00000006c8080000)
 Metaspace       used 24161K, capacity 24696K, committed 25008K, reserved 1071104K
  class space    used 2801K, capacity 2967K, committed 2992K, reserved 1048576K
Event: 4.364 GC heap after
Heap after GC invocations=9 (full 1):
 PSYoungGen      total 333824K, used 35821K [0x000000076af00000, 0x0000000783280000, 0x00000007c0000000)
  eden space 297984K, 0% used [0x000000076af00000,0x000000076af00000,0x000000077d200000)
  from space 35840K, 99% used [0x000000077fb00000,0x0000000781dfb6c0,0x0000000781e00000)
  to   space 41984K, 0% used [0x000000077d200000,0x000000077d200000,0x000000077fb00000)
 ParOldGen       total 119296K, used 41889K [0x00000006c0c00000, 0x00000006c8080000, 0x000000076af00000)
  object space 119296K, 35% used [0x00000006c0c00000,0x00000006c34e86b0,0x00000006c8080000)
 Metaspace       used 24161K, capacity 24696K, committed 25008K, reserved 1071104K
  class space    used 2801K, capacity 2967K, committed 2992K, reserved 1048576K
}
Event: 5.542 GC heap before
{Heap before GC invocations=10 (full 1):
 PSYoungGen      total 333824K, used 299370K [0x000000076af00000, 0x0000000783280000, 0x00000007c0000000)
  eden space 297984K, 88% used [0x000000076af00000,0x000000077b05f2f8,0x000000077d200000)
  from space 35840K, 99% used [0x000000077fb00000,0x0000000781dfb6c0,0x0000000781e00000)
  to   space 41984K, 0% used [0x000000077d200000,0x000000077d200000,0x000000077fb00000)
 ParOldGen       total 119296K, used 41889K [0x00000006c0c00000, 0x00000006c8080000, 0x000000076af00000)
  object space 119296K, 35% used [0x00000006c0c00000,0x00000006c34e86b0,0x00000006c8080000)
 Metaspace       used 34598K, capacity 35188K, committed 35496K, reserved 1081344K
  class space    used 4081K, capacity 4266K, committed 4272K, reserved 1048576K
Event: 5.565 GC heap after
Heap after GC invocations=10 (full 1):
 PSYoungGen      total 339968K, used 33385K [0x000000076af00000, 0x0000000789900000, 0x00000007c0000000)
  eden space 297984K, 0% used [0x000000076af00000,0x000000076af00000,0x000000077d200000)
  from space 41984K, 79% used [0x000000077d200000,0x000000077f29a6b8,0x000000077fb00000)
  to   space 45056K, 0% used [0x0000000786d00000,0x0000000786d00000,0x0000000789900000)
 ParOldGen       total 119296K, used 45163K [0x00000006c0c00000, 0x00000006c8080000, 0x000000076af00000)
  object space 119296K, 37% used [0x00000006c0c00000,0x00000006c381acf8,0x00000006c8080000)
 Metaspace       used 34598K, capacity 35188K, committed 35496K, reserved 1081344K
  class space    used 4081K, capacity 4266K, committed 4272K, reserved 1048576K
}
Event: 5.565 GC heap before
{Heap before GC invocations=11 (full 2):
 PSYoungGen      total 339968K, used 33385K [0x000000076af00000, 0x0000000789900000, 0x00000007c0000000)
  eden space 297984K, 0% used [0x000000076af00000,0x000000076af00000,0x000000077d200000)
  from space 41984K, 79% used [0x000000077d200000,0x000000077f29a6b8,0x000000077fb00000)
  to   space 45056K, 0% used [0x0000000786d00000,0x0000000786d00000,0x0000000789900000)
 ParOldGen       total 119296K, used 45163K [0x00000006c0c00000, 0x00000006c8080000, 0x000000076af00000)
  object space 119296K, 37% used [0x00000006c0c00000,0x00000006c381acf8,0x00000006c8080000)
 Metaspace       used 34598K, capacity 35188K, committed 35496K, reserved 1081344K
  class space    used 4081K, capacity 4266K, committed 4272K, reserved 1048576K
Event: 5.609 GC heap after
Heap after GC invocations=11 (full 2):
 PSYoungGen      total 339968K, used 0K [0x000000076af00000, 0x0000000789900000, 0x00000007c0000000)
  eden space 297984K, 0% used [0x000000076af00000,0x000000076af00000,0x000000077d200000)
  from space 41984K, 0% used [0x000000077d200000,0x000000077d200000,0x000000077fb00000)
  to   space 45056K, 0% used [0x0000000786d00000,0x0000000786d00000,0x0000000789900000)
 ParOldGen       total 196608K, used 49686K [0x00000006c0c00000, 0x00000006ccc00000, 0x000000076af00000)
  object space 196608K, 25% used [0x00000006c0c00000,0x00000006c3c85940,0x00000006ccc00000)
 Metaspace       used 34598K, capacity 35188K, committed 35496K, reserved 1081344K
  class space    used 4081K, capacity 4266K, committed 4272K, reserved 1048576K
}
Event: 6.452 GC heap before
{Heap before GC invocations=12 (full 2):
 PSYoungGen      total 339968K, used 297984K [0x000000076af00000, 0x0000000789900000, 0x00000007c0000000)
  eden space 297984K, 100% used [0x000000076af00000,0x000000077d200000,0x000000077d200000)
  from space 41984K, 0% used [0x000000077d200000,0x000000077d200000,0x000000077fb00000)
  to   space 45056K, 0% used [0x0000000786d00000,0x0000000786d00000,0x0000000789900000)
 ParOldGen       total 196608K, used 49686K [0x00000006c0c00000, 0x00000006ccc00000, 0x000000076af00000)
  object space 196608K, 25% used [0x00000006c0c00000,0x00000006c3c85940,0x00000006ccc00000)
 Metaspace       used 38171K, capacity 38798K, committed 39336K, reserved 1083392K
  class space    used 4450K, capacity 4665K, committed 4784K, reserved 1048576K
Event: 6.457 GC heap after
Heap after GC invocations=12 (full 2):
 PSYoungGen      total 445440K, used 6669K [0x000000076af00000, 0x0000000789400000, 0x00000007c0000000)
  eden space 405504K, 0% used [0x000000076af00000,0x000000076af00000,0x0000000783b00000)
  from space 39936K, 16% used [0x0000000786d00000,0x0000000787383570,0x0000000789400000)
  to   space 45568K, 0% used [0x0000000783b00000,0x0000000783b00000,0x0000000786780000)
 ParOldGen       total 196608K, used 49694K [0x00000006c0c00000, 0x00000006ccc00000, 0x000000076af00000)
  object space 196608K, 25% used [0x00000006c0c00000,0x00000006c3c87940,0x00000006ccc00000)
 Metaspace       used 38171K, capacity 38798K, committed 39336K, reserved 1083392K
  class space    used 4450K, capacity 4665K, committed 4784K, reserved 1048576K
}

